<?xml version="1.0" encoding="utf-8"?><testsuites name="pytest tests"><testsuite name="pytest" errors="0" failures="0" skipped="0" tests="35" time="13.999" timestamp="2026-06-11T14:58:24.422308+00:00" hostname="agent-env-ff8ce9ff-fb58-4720-ad61-f8427d83f87c"><testcase classname="backend.tests.backend_test" name="test_root" time="0.273" /><testcase classname="backend.tests.backend_test" name="test_login_customer" time="0.329" /><testcase classname="backend.tests.backend_test" name="test_login_admin" time="0.367" /><testcase classname="backend.tests.backend_test" name="test_login_pharmacy" time="0.360" /><testcase classname="backend.tests.backend_test" name="test_login_invalid" time="0.333" /><testcase classname="backend.tests.backend_test" name="test_register_and_me" time="0.432" /><testcase classname="backend.tests.backend_test" name="test_otp_flow" time="0.410" /><testcase classname="backend.tests.backend_test" name="test_otp_invalid" time="0.153" /><testcase classname="backend.tests.backend_test" name="test_categories" time="0.094" /><testcase classname="backend.tests.backend_test" name="test_medicines_list" time="0.108" /><testcase classname="backend.tests.backend_test" name="test_medicines_search" time="0.103" /><testcase classname="backend.tests.backend_test" name="test_medicines_rx_filter" time="0.099" /><testcase classname="backend.tests.backend_test" name="test_medicine_detail" time="0.199" /><testcase classname="backend.tests.backend_test" name="test_cart_add_update_clear" time="0.888" /><testcase classname="backend.tests.backend_test" name="test_delivery_fee_logic" time="0.302" /><testcase classname="backend.tests.backend_test" name="test_coupons_list" time="0.140" /><testcase classname="backend.tests.backend_test" name="test_coupon_apply" time="0.296" /><testcase classname="backend.tests.backend_test" name="test_address_and_checkout" time="0.385" /><testcase classname="backend.tests.backend_test" name="test_checkout_empty_cart" time="0.119" /><testcase classname="backend.tests.backend_test" name="test_prescription_upload" time="4.059" /><testcase classname="backend.tests.backend_test" name="test_prescription_ocr_with_image_url" time="2.283" /><testcase classname="backend.tests.backend_test" name="test_payments_config_disabled" time="0.160" /><testcase classname="backend.tests.backend_test" name="test_payments_create_order_503" time="0.050" /><testcase classname="backend.tests.backend_test" name="test_payments_verify_503" time="0.047" /><testcase classname="backend.tests.backend_test" name="test_doctors" time="0.100" /><testcase classname="backend.tests.backend_test" name="test_consultation_booking" time="0.153" /><testcase classname="backend.tests.backend_test" name="test_lab_tests" time="0.111" /><testcase classname="backend.tests.backend_test" name="test_lab_booking" time="0.142" /><testcase classname="backend.tests.backend_test" name="test_admin_stats" time="0.372" /><testcase classname="backend.tests.backend_test" name="test_admin_orders" time="0.049" /><testcase classname="backend.tests.backend_test" name="test_admin_users" time="0.046" /><testcase classname="backend.tests.backend_test" name="test_admin_forbidden_for_customer" time="0.046" /><testcase classname="backend.tests.backend_test" name="test_pharmacy_dashboard" time="0.366" /><testcase classname="backend.tests.backend_test" name="test_wallet" time="0.047" /><testcase classname="backend.tests.backend_test" name="test_logout" time="0.435" /></testsuite></testsuites>