<?xml version="1.0" encoding="utf-8"?><testsuites name="pytest tests"><testsuite name="pytest" errors="0" failures="1" skipped="0" tests="31" time="7.645" timestamp="2026-06-11T14:36:24.962718+00:00" hostname="agent-env-ff8ce9ff-fb58-4720-ad61-f8427d83f87c"><testcase classname="backend.tests.backend_test" name="test_root" time="0.263" /><testcase classname="backend.tests.backend_test" name="test_login_customer" time="0.413" /><testcase classname="backend.tests.backend_test" name="test_login_admin" time="0.403" /><testcase classname="backend.tests.backend_test" name="test_login_pharmacy" time="0.366" /><testcase classname="backend.tests.backend_test" name="test_login_invalid" time="0.369" /><testcase classname="backend.tests.backend_test" name="test_register_and_me" time="0.180"><failure message="AssertionError: {&quot;detail&quot;:[{&quot;type&quot;:&quot;value_error&quot;,&quot;loc&quot;:[&quot;body&quot;,&quot;email&quot;],&quot;msg&quot;:&quot;value is not a valid email address: The part after the @-sign is a special-use or reserved name that cannot be used with email.&quot;,&quot;input&quot;:&quot;test_8f812412@sanjeevni.test&quot;,&quot;ctx&quot;:{&quot;reason&quot;:&quot;The part after the @-sign is a special-use or reserved name that cannot be used with email.&quot;}}]}&#10;assert 422 == 200&#10; +  where 422 = &lt;Response [422]&gt;.status_code">backend/tests/backend_test.py:90: in test_register_and_me
    assert r.status_code == 200, r.text
E   AssertionError: {"detail":[{"type":"value_error","loc":["body","email"],"msg":"value is not a valid email address: The part after the @-sign is a special-use or reserved name that cannot be used with email.","input":"test_8f812412@sanjeevni.test","ctx":{"reason":"The part after the @-sign is a special-use or reserved name that cannot be used with email."}}]}
E   assert 422 == 200
E    +  where 422 = &lt;Response [422]&gt;.status_code</failure></testcase><testcase classname="backend.tests.backend_test" name="test_otp_flow" time="0.466" /><testcase classname="backend.tests.backend_test" name="test_otp_invalid" time="0.163" /><testcase classname="backend.tests.backend_test" name="test_categories" time="0.096" /><testcase classname="backend.tests.backend_test" name="test_medicines_list" time="0.108" /><testcase classname="backend.tests.backend_test" name="test_medicines_search" time="0.129" /><testcase classname="backend.tests.backend_test" name="test_medicines_rx_filter" time="0.106" /><testcase classname="backend.tests.backend_test" name="test_medicine_detail" time="0.198" /><testcase classname="backend.tests.backend_test" name="test_cart_add_update_clear" time="0.651" /><testcase classname="backend.tests.backend_test" name="test_delivery_fee_logic" time="0.325" /><testcase classname="backend.tests.backend_test" name="test_coupons_list" time="0.137" /><testcase classname="backend.tests.backend_test" name="test_coupon_apply" time="0.307" /><testcase classname="backend.tests.backend_test" name="test_address_and_checkout" time="0.435" /><testcase classname="backend.tests.backend_test" name="test_checkout_empty_cart" time="0.097" /><testcase classname="backend.tests.backend_test" name="test_prescription_upload" time="0.150" /><testcase classname="backend.tests.backend_test" name="test_doctors" time="0.154" /><testcase classname="backend.tests.backend_test" name="test_consultation_booking" time="0.158" /><testcase classname="backend.tests.backend_test" name="test_lab_tests" time="0.098" /><testcase classname="backend.tests.backend_test" name="test_lab_booking" time="0.172" /><testcase classname="backend.tests.backend_test" name="test_admin_stats" time="0.412" /><testcase classname="backend.tests.backend_test" name="test_admin_orders" time="0.051" /><testcase classname="backend.tests.backend_test" name="test_admin_users" time="0.050" /><testcase classname="backend.tests.backend_test" name="test_admin_forbidden_for_customer" time="0.051" /><testcase classname="backend.tests.backend_test" name="test_pharmacy_dashboard" time="0.405" /><testcase classname="backend.tests.backend_test" name="test_wallet" time="0.047" /><testcase classname="backend.tests.backend_test" name="test_logout" time="0.417" /></testsuite></testsuites>